app/build/outputs/logs/manifest-merger-debug-report.txt
-- Merging decision tree log ---
manifest
ADDED from src/main/AndroidManifest.xml:2:1-105:12
	package
		ADDED from src/main/AndroidManifest.xml:4:2-31
	android:versionName
		INJECTED from src/main/AndroidManifest.xml
		INJECTED from src/main/AndroidManifest.xml
	xmlns:android
		ADDED from src/main/AndroidManifest.xml:3:2-60
	android:versionCode
		INJECTED from src/main/AndroidManifest.xml
		INJECTED from src/main/AndroidManifest.xml
	android:installLocation
		ADDED from src/main/AndroidManifest.xml:5:2-32
uses-permission#android.permission.INTERNET
ADDED from src/main/AndroidManifest.xml:9:2-64
	android:name
		ADDED from src/main/AndroidManifest.xml:9:19-61
uses-permission#android.permission.ACCESS_NETWORK_STATE
ADDED from src/main/AndroidManifest.xml:10:2-76
	android:name
		ADDED from src/main/AndroidManifest.xml:10:19-73
uses-permission#android.permission.READ_EXTERNAL_STORAGE
ADDED from src/main/AndroidManifest.xml:11:2-77
	android:name
		ADDED from src/main/AndroidManifest.xml:11:19-74
uses-permission#android.permission.WRITE_EXTERNAL_STORAGE
ADDED from src/main/AndroidManifest.xml:12:2-78
	android:name
		ADDED from src/main/AndroidManifest.xml:12:19-75
application
ADDED from src/main/AndroidManifest.xml:40:2-104:16
MERGED from [com.android.support:support-v4:22.0.0] AndroidManifest.xml:22:5-20
MERGED from [com.android.support:appcompat-v7:22.0.0] AndroidManifest.xml:22:5-20
MERGED from [com.android.support:support-v4:22.0.0] AndroidManifest.xml:22:5-20
MERGED from [com.google.android.gms:play-services:6.1.71] AndroidManifest.xml:16:5-19
MERGED from [com.android.support:support-v4:22.0.0] AndroidManifest.xml:22:5-20
	android:label
		ADDED from src/main/AndroidManifest.xml:44:3-35
	android:hardwareAccelerated
		ADDED from src/main/AndroidManifest.xml:46:3-37
	android:allowBackup
		ADDED from src/main/AndroidManifest.xml:47:3-29
	android:icon
		ADDED from src/main/AndroidManifest.xml:42:3-37
	android:theme
		ADDED from src/main/AndroidManifest.xml:45:3-47
	android:logo
		ADDED from src/main/AndroidManifest.xml:43:3-32
	android:name
		ADDED from src/main/AndroidManifest.xml:41:3-40
meta-data#com.google.android.gms.version
ADDED from src/main/AndroidManifest.xml:49:3-116
	android:value
		ADDED from src/main/AndroidManifest.xml:49:60-113
	android:name
		ADDED from src/main/AndroidManifest.xml:49:14-59
meta-data#com.google.android.gms.analytics.globalConfigResource
ADDED from src/main/AndroidManifest.xml:50:3-134
	android:resource
		ADDED from src/main/AndroidManifest.xml:50:83-131
	android:name
		ADDED from src/main/AndroidManifest.xml:50:14-82
activity#com.progress.photos.activity.MainActivity
ADDED from src/main/AndroidManifest.xml:52:3-68:14
	android:screenOrientation
		ADDED from src/main/AndroidManifest.xml:57:4-40
	android:label
		ADDED from src/main/AndroidManifest.xml:54:4-36
	android:launchMode
		ADDED from src/main/AndroidManifest.xml:55:4-33
	android:configChanges
		ADDED from src/main/AndroidManifest.xml:56:4-74
	android:name
		ADDED from src/main/AndroidManifest.xml:53:4-60
intent-filter#android.intent.action.MAIN+android.intent.category.LAUNCHER
ADDED from src/main/AndroidManifest.xml:58:4-61:20
action#android.intent.action.MAIN
ADDED from src/main/AndroidManifest.xml:59:5-57
	android:name
		ADDED from src/main/AndroidManifest.xml:59:13-54
category#android.intent.category.LAUNCHER
ADDED from src/main/AndroidManifest.xml:60:5-65
	android:name
		ADDED from src/main/AndroidManifest.xml:60:15-62
intent-filter#android.intent.action.VIEW+android.intent.category.BROWSABLE+android.intent.category.DEFAULT
ADDED from src/main/AndroidManifest.xml:62:4-67:20
action#android.intent.action.VIEW
ADDED from src/main/AndroidManifest.xml:63:5-64
	android:name
		ADDED from src/main/AndroidManifest.xml:63:13-54
category#android.intent.category.DEFAULT
ADDED from src/main/AndroidManifest.xml:64:5-73
	android:name
		ADDED from src/main/AndroidManifest.xml:64:15-61
category#android.intent.category.BROWSABLE
ADDED from src/main/AndroidManifest.xml:65:5-75
	android:name
		ADDED from src/main/AndroidManifest.xml:65:15-63
data
ADDED from src/main/AndroidManifest.xml:66:5-75
	android:host
		ADDED from src/main/AndroidManifest.xml:66:11-45
	android:scheme
		ADDED from src/main/AndroidManifest.xml:66:46-67
activity#com.google.android.gms.ads.AdActivity
ADDED from src/main/AndroidManifest.xml:70:3-72:116
	android:configChanges
		ADDED from src/main/AndroidManifest.xml:72:4-113
	android:name
		ADDED from src/main/AndroidManifest.xml:71:4-56
uses-sdk
INJECTED from src/main/AndroidManifest.xml reason: use-sdk injection requested
MERGED from [com.android.support:support-v4:22.0.0] AndroidManifest.xml:20:5-43
MERGED from [com.android.support:appcompat-v7:22.0.0] AndroidManifest.xml:20:5-43
MERGED from [com.android.support:support-v4:22.0.0] AndroidManifest.xml:20:5-43
MERGED from [com.google.android.gms:play-services:6.1.71] AndroidManifest.xml:15:5-42
MERGED from [com.android.support:support-v4:22.0.0] AndroidManifest.xml:20:5-43
	android:targetSdkVersion
		INJECTED from src/main/AndroidManifest.xml
		INJECTED from src/main/AndroidManifest.xml
	android:minSdkVersion
		INJECTED from src/main/AndroidManifest.xml
		INJECTED from src/main/AndroidManifest.xml